TN:
SF:src/BubbleSort.ts
FN:12,(anonymous_0)
FNF:1
FNH:1
FNDA:1,(anonymous_0)
DA:6,1
DA:13,1
DA:14,4
DA:16,12
DA:17,3
DA:18,3
DA:19,3
DA:24,1
LF:8
LH:8
BRDA:16,0,0,3
BRDA:16,0,1,9
BRF:2
BRH:2
end_of_record
TN:
SF:src/Solve.ts
FN:18,(anonymous_0)
FN:24,(anonymous_1)
FNF:2
FNH:2
FNDA:2,(anonymous_0)
FNDA:2,(anonymous_1)
DA:12,1
DA:18,2
DA:25,2
LF:3
LH:3
BRF:0
BRH:0
end_of_record
TN:
SF:src/mergeSort.ts
FN:12,(anonymous_0)
FN:26,(anonymous_1)
FNF:2
FNH:2
FNDA:7,(anonymous_0)
FNDA:3,(anonymous_1)
DA:6,1
DA:13,7
DA:14,4
DA:16,3
DA:18,3
DA:19,3
DA:21,3
DA:27,3
DA:29,3
DA:30,5
DA:31,3
DA:32,3
DA:34,2
DA:35,2
DA:39,3
LF:15
LH:15
BRDA:13,0,0,4
BRDA:13,0,1,3
BRDA:29,1,0,8
BRDA:29,1,1,6
BRDA:30,2,0,3
BRDA:30,2,1,2
BRF:6
BRH:6
end_of_record
